<?xml version="1.0" encoding="UTF-8"?>
<testng-results skipped="0" failed="2" ignored="0" total="8" passed="6">
  <reporter-output>
  </reporter-output>
  <suite name="Surefire suite" duration-ms="201425" started-at="2022-05-16T11:49:49 IST" finished-at="2022-05-16T11:53:10 IST">
    <groups>
    </groups>
    <test name="Surefire test" duration-ms="201425" started-at="2022-05-16T11:49:49 IST" finished-at="2022-05-16T11:53:10 IST">
      <class name="orangehrm.qa.testScripts.RecruitmentPageTest">
        <test-method status="PASS" signature="setup()[pri:0, instance:orangehrm.qa.testScripts.RecruitmentPageTest@1877ab81]" name="setup" is-config="true" duration-ms="12325" started-at="2022-05-16T11:52:38 IST" finished-at="2022-05-16T11:52:50 IST">
          <reporter-output>
          </reporter-output>
        </test-method> <!-- setup -->
        <test-method status="FAIL" signature="checkRecruitmentTable()[pri:0, instance:orangehrm.qa.testScripts.RecruitmentPageTest@1877ab81]" name="checkRecruitmentTable" duration-ms="11953" started-at="2022-05-16T11:52:50 IST" finished-at="2022-05-16T11:53:02 IST">
          <exception class="org.openqa.selenium.NoSuchElementException">
            <message>
              <![CDATA[no such element: Unable to locate element: {"method":"xpath","selector":"//input[@name='txtUsername']"}
  (Session info: chrome=101.0.4951.64)
For documentation on this error, please visit: https://selenium.dev/exceptions/#no_such_element
Build info: version: '4.1.3', revision: '7b1ebf28ef'
System info: host: 'APL-5CD102GWVV', ip: '192.168.228.15', os.name: 'Windows 10', os.arch: 'amd64', os.version: '10.0', java.version: '1.8.0_232'
Driver info: org.openqa.selenium.chrome.ChromeDriver
Command: [34eaa06a55df21a4de15f98b29da657c, findElement {using=xpath, value=//input[@name='txtUsername']}]
Capabilities {acceptInsecureCerts: false, browserName: chrome, browserVersion: 101.0.4951.64, chrome: {chromedriverVersion: 100.0.4896.60 (6a5d10861ce8..., userDataDir: C:\WINDOWS\TEMP\scoped_dir2...}, goog:chromeOptions: {debuggerAddress: localhost:55474}, javascriptEnabled: true, networkConnectionEnabled: false, pageLoadStrategy: normal, platform: WINDOWS, platformName: WINDOWS, proxy: Proxy(), se:cdp: ws://localhost:55474/devtoo..., se:cdpVersion: 101.0.4951.64, setWindowRect: true, strictFileInteractability: false, timeouts: {implicit: 0, pageLoad: 300000, script: 30000}, unhandledPromptBehavior: dismiss and notify, webauthn:extension:credBlob: true, webauthn:extension:largeBlob: true, webauthn:virtualAuthenticators: true}
Session ID: 34eaa06a55df21a4de15f98b29da657c]]>
            </message>
            <full-stacktrace>
              <![CDATA[org.openqa.selenium.NoSuchElementException: no such element: Unable to locate element: {"method":"xpath","selector":"//input[@name='txtUsername']"}
  (Session info: chrome=101.0.4951.64)
For documentation on this error, please visit: https://selenium.dev/exceptions/#no_such_element
Build info: version: '4.1.3', revision: '7b1ebf28ef'
System info: host: 'APL-5CD102GWVV', ip: '192.168.228.15', os.name: 'Windows 10', os.arch: 'amd64', os.version: '10.0', java.version: '1.8.0_232'
Driver info: org.openqa.selenium.chrome.ChromeDriver
Command: [34eaa06a55df21a4de15f98b29da657c, findElement {using=xpath, value=//input[@name='txtUsername']}]
Capabilities {acceptInsecureCerts: false, browserName: chrome, browserVersion: 101.0.4951.64, chrome: {chromedriverVersion: 100.0.4896.60 (6a5d10861ce8..., userDataDir: C:\WINDOWS\TEMP\scoped_dir2...}, goog:chromeOptions: {debuggerAddress: localhost:55474}, javascriptEnabled: true, networkConnectionEnabled: false, pageLoadStrategy: normal, platform: WINDOWS, platformName: WINDOWS, proxy: Proxy(), se:cdp: ws://localhost:55474/devtoo..., se:cdpVersion: 101.0.4951.64, setWindowRect: true, strictFileInteractability: false, timeouts: {implicit: 0, pageLoad: 300000, script: 30000}, unhandledPromptBehavior: dismiss and notify, webauthn:extension:credBlob: true, webauthn:extension:largeBlob: true, webauthn:virtualAuthenticators: true}
Session ID: 34eaa06a55df21a4de15f98b29da657c
at sun.reflect.NativeConstructorAccessorImpl.newInstance0(Native Method)
at sun.reflect.NativeConstructorAccessorImpl.newInstance(NativeConstructorAccessorImpl.java:62)
at sun.reflect.DelegatingConstructorAccessorImpl.newInstance(DelegatingConstructorAccessorImpl.java:45)
at java.lang.reflect.Constructor.newInstance(Constructor.java:423)
at org.openqa.selenium.remote.codec.w3c.W3CHttpResponseCodec.createException(W3CHttpResponseCodec.java:200)
at org.openqa.selenium.remote.codec.w3c.W3CHttpResponseCodec.decode(W3CHttpResponseCodec.java:133)
at org.openqa.selenium.remote.codec.w3c.W3CHttpResponseCodec.decode(W3CHttpResponseCodec.java:53)
at org.openqa.selenium.remote.HttpCommandExecutor.execute(HttpCommandExecutor.java:184)
at org.openqa.selenium.remote.service.DriverCommandExecutor.invokeExecute(DriverCommandExecutor.java:167)
at org.openqa.selenium.remote.service.DriverCommandExecutor.execute(DriverCommandExecutor.java:142)
at org.openqa.selenium.remote.RemoteWebDriver.execute(RemoteWebDriver.java:567)
at org.openqa.selenium.remote.ElementLocation$ElementFinder$2.findElement(ElementLocation.java:162)
at org.openqa.selenium.remote.ElementLocation.findElement(ElementLocation.java:60)
at org.openqa.selenium.remote.RemoteWebDriver.findElement(RemoteWebDriver.java:385)
at org.openqa.selenium.remote.RemoteWebDriver.findElement(RemoteWebDriver.java:377)
at org.openqa.selenium.support.pagefactory.DefaultElementLocator.findElement(DefaultElementLocator.java:70)
at org.openqa.selenium.support.pagefactory.internal.LocatingElementHandler.invoke(LocatingElementHandler.java:39)
at com.sun.proxy.$Proxy12.sendKeys(Unknown Source)
at orangehrm.qa.pages.loginPage.enterUsername(loginPage.java:33)
at orangehrm.qa.testScripts.RecruitmentPageTest.checkRecruitmentTable(RecruitmentPageTest.java:13)
at sun.reflect.NativeMethodAccessorImpl.invoke0(Native Method)
at sun.reflect.NativeMethodAccessorImpl.invoke(NativeMethodAccessorImpl.java:62)
at sun.reflect.DelegatingMethodAccessorImpl.invoke(DelegatingMethodAccessorImpl.java:43)
at java.lang.reflect.Method.invoke(Method.java:498)
at org.testng.internal.invokers.MethodInvocationHelper.invokeMethod(MethodInvocationHelper.java:135)
at org.testng.internal.invokers.TestInvoker.invokeMethod(TestInvoker.java:673)
at org.testng.internal.invokers.TestInvoker.invokeTestMethod(TestInvoker.java:220)
at org.testng.internal.invokers.MethodRunner.runInSequence(MethodRunner.java:50)
at org.testng.internal.invokers.TestInvoker$MethodInvocationAgent.invoke(TestInvoker.java:945)
at org.testng.internal.invokers.TestInvoker.invokeTestMethods(TestInvoker.java:193)
at org.testng.internal.invokers.TestMethodWorker.invokeTestMethods(TestMethodWorker.java:146)
at org.testng.internal.invokers.TestMethodWorker.run(TestMethodWorker.java:128)
at java.util.ArrayList.forEach(ArrayList.java:1257)
at org.testng.TestRunner.privateRun(TestRunner.java:808)
at org.testng.TestRunner.run(TestRunner.java:603)
at org.testng.SuiteRunner.runTest(SuiteRunner.java:429)
at org.testng.SuiteRunner.runSequentially(SuiteRunner.java:423)
at org.testng.SuiteRunner.privateRun(SuiteRunner.java:383)
at org.testng.SuiteRunner.run(SuiteRunner.java:326)
at org.testng.SuiteRunnerWorker.runSuite(SuiteRunnerWorker.java:52)
at org.testng.SuiteRunnerWorker.run(SuiteRunnerWorker.java:95)
at org.testng.TestNG.runSuitesSequentially(TestNG.java:1249)
at org.testng.TestNG.runSuitesLocally(TestNG.java:1169)
at org.testng.TestNG.runSuites(TestNG.java:1092)
at org.testng.TestNG.run(TestNG.java:1060)
at org.apache.maven.surefire.testng.TestNGExecutor.run(TestNGExecutor.java:132)
at org.apache.maven.surefire.testng.TestNGDirectoryTestSuite.executeMulti(TestNGDirectoryTestSuite.java:193)
at org.apache.maven.surefire.testng.TestNGDirectoryTestSuite.execute(TestNGDirectoryTestSuite.java:94)
at org.apache.maven.surefire.testng.TestNGProvider.invoke(TestNGProvider.java:147)
at org.apache.maven.surefire.booter.ForkedBooter.invokeProviderInSameClassLoader(ForkedBooter.java:290)
at org.apache.maven.surefire.booter.ForkedBooter.runSuitesInProcess(ForkedBooter.java:242)
at org.apache.maven.surefire.booter.ForkedBooter.main(ForkedBooter.java:121)
]]>
            </full-stacktrace>
          </exception> <!-- org.openqa.selenium.NoSuchElementException -->
          <reporter-output>
          </reporter-output>
        </test-method> <!-- checkRecruitmentTable -->
        <test-method status="PASS" signature="teardown()[pri:0, instance:orangehrm.qa.testScripts.RecruitmentPageTest@1877ab81]" name="teardown" is-config="true" duration-ms="7693" started-at="2022-05-16T11:53:02 IST" finished-at="2022-05-16T11:53:10 IST">
          <reporter-output>
          </reporter-output>
        </test-method> <!-- teardown -->
      </class> <!-- orangehrm.qa.testScripts.RecruitmentPageTest -->
      <class name="orangehrm.qa.testScripts.loginPageTest">
        <test-method status="PASS" signature="setup()[pri:0, instance:orangehrm.qa.testScripts.loginPageTest@4232c52b]" name="setup" is-config="true" duration-ms="10780" started-at="2022-05-16T11:51:30 IST" finished-at="2022-05-16T11:51:41 IST">
          <reporter-output>
          </reporter-output>
        </test-method> <!-- setup -->
        <test-method status="PASS" signature="checkLogin()[pri:0, instance:orangehrm.qa.testScripts.loginPageTest@4232c52b]" name="checkLogin" duration-ms="8019" started-at="2022-05-16T11:51:41 IST" finished-at="2022-05-16T11:51:49 IST">
          <reporter-output>
          </reporter-output>
        </test-method> <!-- checkLogin -->
        <test-method status="PASS" signature="teardown()[pri:0, instance:orangehrm.qa.testScripts.loginPageTest@4232c52b]" name="teardown" is-config="true" duration-ms="1678" started-at="2022-05-16T11:51:49 IST" finished-at="2022-05-16T11:51:51 IST">
          <reporter-output>
          </reporter-output>
        </test-method> <!-- teardown -->
        <test-method status="PASS" signature="setup()[pri:0, instance:orangehrm.qa.testScripts.loginPageTest@4232c52b]" name="setup" is-config="true" duration-ms="10921" started-at="2022-05-16T11:51:51 IST" finished-at="2022-05-16T11:52:02 IST">
          <reporter-output>
          </reporter-output>
        </test-method> <!-- setup -->
        <test-method status="PASS" signature="checkLogo()[pri:0, instance:orangehrm.qa.testScripts.loginPageTest@4232c52b]" name="checkLogo" duration-ms="100" started-at="2022-05-16T11:52:02 IST" finished-at="2022-05-16T11:52:02 IST">
          <reporter-output>
          </reporter-output>
        </test-method> <!-- checkLogo -->
        <test-method status="PASS" signature="teardown()[pri:0, instance:orangehrm.qa.testScripts.loginPageTest@4232c52b]" name="teardown" is-config="true" duration-ms="1568" started-at="2022-05-16T11:52:02 IST" finished-at="2022-05-16T11:52:03 IST">
          <reporter-output>
          </reporter-output>
        </test-method> <!-- teardown -->
        <test-method status="PASS" signature="setup()[pri:0, instance:orangehrm.qa.testScripts.loginPageTest@4232c52b]" name="setup" is-config="true" duration-ms="11193" started-at="2022-05-16T11:52:03 IST" finished-at="2022-05-16T11:52:15 IST">
          <reporter-output>
          </reporter-output>
        </test-method> <!-- setup -->
        <test-method status="FAIL" signature="checkTitle()[pri:0, instance:orangehrm.qa.testScripts.loginPageTest@4232c52b]" name="checkTitle" duration-ms="33" started-at="2022-05-16T11:52:15 IST" finished-at="2022-05-16T11:52:15 IST">
          <exception class="java.lang.AssertionError">
            <message>
              <![CDATA[The following asserts failed:
expected [OrangeHRm] but found [OrangeHRM]]]>
            </message>
            <full-stacktrace>
              <![CDATA[java.lang.AssertionError: The following asserts failed:
expected [OrangeHRm] but found [OrangeHRM]
at org.testng.asserts.SoftAssert.assertAll(SoftAssert.java:46)
at org.testng.asserts.SoftAssert.assertAll(SoftAssert.java:30)
at orangehrm.qa.pages.loginPage.Title(loginPage.java:55)
at orangehrm.qa.testScripts.loginPageTest.checkTitle(loginPageTest.java:20)
at sun.reflect.NativeMethodAccessorImpl.invoke0(Native Method)
at sun.reflect.NativeMethodAccessorImpl.invoke(NativeMethodAccessorImpl.java:62)
at sun.reflect.DelegatingMethodAccessorImpl.invoke(DelegatingMethodAccessorImpl.java:43)
at java.lang.reflect.Method.invoke(Method.java:498)
at org.testng.internal.invokers.MethodInvocationHelper.invokeMethod(MethodInvocationHelper.java:135)
at org.testng.internal.invokers.TestInvoker.invokeMethod(TestInvoker.java:673)
at org.testng.internal.invokers.TestInvoker.invokeTestMethod(TestInvoker.java:220)
at org.testng.internal.invokers.MethodRunner.runInSequence(MethodRunner.java:50)
at org.testng.internal.invokers.TestInvoker$MethodInvocationAgent.invoke(TestInvoker.java:945)
at org.testng.internal.invokers.TestInvoker.invokeTestMethods(TestInvoker.java:193)
at org.testng.internal.invokers.TestMethodWorker.invokeTestMethods(TestMethodWorker.java:146)
at org.testng.internal.invokers.TestMethodWorker.run(TestMethodWorker.java:128)
at java.util.ArrayList.forEach(ArrayList.java:1257)
at org.testng.TestRunner.privateRun(TestRunner.java:808)
at org.testng.TestRunner.run(TestRunner.java:603)
at org.testng.SuiteRunner.runTest(SuiteRunner.java:429)
at org.testng.SuiteRunner.runSequentially(SuiteRunner.java:423)
at org.testng.SuiteRunner.privateRun(SuiteRunner.java:383)
at org.testng.SuiteRunner.run(SuiteRunner.java:326)
at org.testng.SuiteRunnerWorker.runSuite(SuiteRunnerWorker.java:52)
at org.testng.SuiteRunnerWorker.run(SuiteRunnerWorker.java:95)
at org.testng.TestNG.runSuitesSequentially(TestNG.java:1249)
at org.testng.TestNG.runSuitesLocally(TestNG.java:1169)
at org.testng.TestNG.runSuites(TestNG.java:1092)
at org.testng.TestNG.run(TestNG.java:1060)
at org.apache.maven.surefire.testng.TestNGExecutor.run(TestNGExecutor.java:132)
at org.apache.maven.surefire.testng.TestNGDirectoryTestSuite.executeMulti(TestNGDirectoryTestSuite.java:193)
at org.apache.maven.surefire.testng.TestNGDirectoryTestSuite.execute(TestNGDirectoryTestSuite.java:94)
at org.apache.maven.surefire.testng.TestNGProvider.invoke(TestNGProvider.java:147)
at org.apache.maven.surefire.booter.ForkedBooter.invokeProviderInSameClassLoader(ForkedBooter.java:290)
at org.apache.maven.surefire.booter.ForkedBooter.runSuitesInProcess(ForkedBooter.java:242)
at org.apache.maven.surefire.booter.ForkedBooter.main(ForkedBooter.java:121)
]]>
            </full-stacktrace>
          </exception> <!-- java.lang.AssertionError -->
          <reporter-output>
          </reporter-output>
        </test-method> <!-- checkTitle -->
        <test-method status="PASS" signature="teardown()[pri:0, instance:orangehrm.qa.testScripts.loginPageTest@4232c52b]" name="teardown" is-config="true" duration-ms="1582" started-at="2022-05-16T11:52:15 IST" finished-at="2022-05-16T11:52:16 IST">
          <reporter-output>
          </reporter-output>
        </test-method> <!-- teardown -->
        <test-method status="PASS" signature="setup()[pri:0, instance:orangehrm.qa.testScripts.loginPageTest@4232c52b]" name="setup" is-config="true" duration-ms="19340" started-at="2022-05-16T11:52:16 IST" finished-at="2022-05-16T11:52:36 IST">
          <reporter-output>
          </reporter-output>
        </test-method> <!-- setup -->
        <test-method status="PASS" signature="checkURL()[pri:0, instance:orangehrm.qa.testScripts.loginPageTest@4232c52b]" name="checkURL" duration-ms="33" started-at="2022-05-16T11:52:36 IST" finished-at="2022-05-16T11:52:36 IST">
          <reporter-output>
          </reporter-output>
        </test-method> <!-- checkURL -->
        <test-method status="PASS" signature="teardown()[pri:0, instance:orangehrm.qa.testScripts.loginPageTest@4232c52b]" name="teardown" is-config="true" duration-ms="2276" started-at="2022-05-16T11:52:36 IST" finished-at="2022-05-16T11:52:38 IST">
          <reporter-output>
          </reporter-output>
        </test-method> <!-- teardown -->
      </class> <!-- orangehrm.qa.testScripts.loginPageTest -->
      <class name="orangehrm.qa.testScripts.AssignLeaveTest">
        <test-method status="PASS" signature="setup()[pri:0, instance:orangehrm.qa.testScripts.AssignLeaveTest@1c3a4799]" name="setup" is-config="true" duration-ms="40491" started-at="2022-05-16T11:49:49 IST" finished-at="2022-05-16T11:50:29 IST">
          <reporter-output>
          </reporter-output>
        </test-method> <!-- setup -->
        <test-method status="PASS" signature="CheckAssignLeave()[pri:0, instance:orangehrm.qa.testScripts.AssignLeaveTest@1c3a4799]" name="CheckAssignLeave" duration-ms="15282" started-at="2022-05-16T11:50:29 IST" finished-at="2022-05-16T11:50:44 IST">
          <reporter-output>
          </reporter-output>
        </test-method> <!-- CheckAssignLeave -->
        <test-method status="PASS" signature="teardown()[pri:0, instance:orangehrm.qa.testScripts.AssignLeaveTest@1c3a4799]" name="teardown" is-config="true" duration-ms="1594" started-at="2022-05-16T11:50:44 IST" finished-at="2022-05-16T11:50:46 IST">
          <reporter-output>
          </reporter-output>
        </test-method> <!-- teardown -->
      </class> <!-- orangehrm.qa.testScripts.AssignLeaveTest -->
      <class name="orangehrm.qa.testScripts.dashBoardTest">
        <test-method status="PASS" signature="setup()[pri:0, instance:orangehrm.qa.testScripts.dashBoardTest@57e1b0c]" name="setup" is-config="true" duration-ms="13179" started-at="2022-05-16T11:50:46 IST" finished-at="2022-05-16T11:50:59 IST">
          <reporter-output>
          </reporter-output>
        </test-method> <!-- setup -->
        <test-method status="PASS" signature="checkAssignLeaveLogo()[pri:0, instance:orangehrm.qa.testScripts.dashBoardTest@57e1b0c]" name="checkAssignLeaveLogo" duration-ms="10023" started-at="2022-05-16T11:50:59 IST" finished-at="2022-05-16T11:51:09 IST">
          <reporter-output>
          </reporter-output>
        </test-method> <!-- checkAssignLeaveLogo -->
        <test-method status="PASS" signature="teardown()[pri:0, instance:orangehrm.qa.testScripts.dashBoardTest@57e1b0c]" name="teardown" is-config="true" duration-ms="1504" started-at="2022-05-16T11:51:09 IST" finished-at="2022-05-16T11:51:11 IST">
          <reporter-output>
          </reporter-output>
        </test-method> <!-- teardown -->
        <test-method status="PASS" signature="setup()[pri:0, instance:orangehrm.qa.testScripts.dashBoardTest@57e1b0c]" name="setup" is-config="true" duration-ms="10497" started-at="2022-05-16T11:51:11 IST" finished-at="2022-05-16T11:51:21 IST">
          <reporter-output>
          </reporter-output>
        </test-method> <!-- setup -->
        <test-method status="PASS" signature="leaveListLogo()[pri:0, instance:orangehrm.qa.testScripts.dashBoardTest@57e1b0c]" name="leaveListLogo" duration-ms="7662" started-at="2022-05-16T11:51:21 IST" finished-at="2022-05-16T11:51:29 IST">
          <reporter-output>
          </reporter-output>
        </test-method> <!-- leaveListLogo -->
        <test-method status="PASS" signature="teardown()[pri:0, instance:orangehrm.qa.testScripts.dashBoardTest@57e1b0c]" name="teardown" is-config="true" duration-ms="1512" started-at="2022-05-16T11:51:29 IST" finished-at="2022-05-16T11:51:30 IST">
          <reporter-output>
          </reporter-output>
        </test-method> <!-- teardown -->
      </class> <!-- orangehrm.qa.testScripts.dashBoardTest -->
    </test> <!-- Surefire test -->
  </suite> <!-- Surefire suite -->
</testng-results>
