<?xml version="1.0" encoding="UTF-8"?>
<testng-results skipped="0" failed="1" ignored="0" total="7" passed="6">
  <reporter-output>
  </reporter-output>
  <suite name="Surefire suite" duration-ms="103370" started-at="2022-05-09T09:49:29 IST" finished-at="2022-05-09T09:51:12 IST">
    <groups>
    </groups>
    <test name="Surefire test" duration-ms="103370" started-at="2022-05-09T09:49:29 IST" finished-at="2022-05-09T09:51:12 IST">
      <class name="orangehrm.qa.testScripts.AssignLeaveTest">
        <test-method status="PASS" signature="setup()[pri:0, instance:orangehrm.qa.testScripts.AssignLeaveTest@131276c2]" name="setup" is-config="true" duration-ms="13428" started-at="2022-05-09T09:49:29 IST" finished-at="2022-05-09T09:49:42 IST">
          <reporter-output>
          </reporter-output>
        </test-method> <!-- setup -->
        <test-method status="PASS" signature="CheckAssignLeave()[pri:0, instance:orangehrm.qa.testScripts.AssignLeaveTest@131276c2]" name="CheckAssignLeave" duration-ms="8214" started-at="2022-05-09T09:49:42 IST" finished-at="2022-05-09T09:49:51 IST">
          <reporter-output>
          </reporter-output>
        </test-method> <!-- CheckAssignLeave -->
        <test-method status="PASS" signature="teardown()[pri:0, instance:orangehrm.qa.testScripts.AssignLeaveTest@131276c2]" name="teardown" is-config="true" duration-ms="949" started-at="2022-05-09T09:49:51 IST" finished-at="2022-05-09T09:49:52 IST">
          <reporter-output>
          </reporter-output>
        </test-method> <!-- teardown -->
      </class> <!-- orangehrm.qa.testScripts.AssignLeaveTest -->
      <class name="orangehrm.qa.testScripts.loginPageTest">
        <test-method status="PASS" signature="setup()[pri:0, instance:orangehrm.qa.testScripts.loginPageTest@1877ab81]" name="setup" is-config="true" duration-ms="6564" started-at="2022-05-09T09:50:38 IST" finished-at="2022-05-09T09:50:44 IST">
          <reporter-output>
          </reporter-output>
        </test-method> <!-- setup -->
        <test-method status="PASS" signature="checkLogin()[pri:0, instance:orangehrm.qa.testScripts.loginPageTest@1877ab81]" name="checkLogin" duration-ms="4499" started-at="2022-05-09T09:50:44 IST" finished-at="2022-05-09T09:50:49 IST">
          <reporter-output>
          </reporter-output>
        </test-method> <!-- checkLogin -->
        <test-method status="PASS" signature="teardown()[pri:0, instance:orangehrm.qa.testScripts.loginPageTest@1877ab81]" name="teardown" is-config="true" duration-ms="911" started-at="2022-05-09T09:50:49 IST" finished-at="2022-05-09T09:50:50 IST">
          <reporter-output>
          </reporter-output>
        </test-method> <!-- teardown -->
        <test-method status="PASS" signature="setup()[pri:0, instance:orangehrm.qa.testScripts.loginPageTest@1877ab81]" name="setup" is-config="true" duration-ms="6912" started-at="2022-05-09T09:50:50 IST" finished-at="2022-05-09T09:50:57 IST">
          <reporter-output>
          </reporter-output>
        </test-method> <!-- setup -->
        <test-method status="PASS" signature="checkLogo()[pri:0, instance:orangehrm.qa.testScripts.loginPageTest@1877ab81]" name="checkLogo" duration-ms="42" started-at="2022-05-09T09:50:57 IST" finished-at="2022-05-09T09:50:57 IST">
          <reporter-output>
          </reporter-output>
        </test-method> <!-- checkLogo -->
        <test-method status="PASS" signature="teardown()[pri:0, instance:orangehrm.qa.testScripts.loginPageTest@1877ab81]" name="teardown" is-config="true" duration-ms="867" started-at="2022-05-09T09:50:57 IST" finished-at="2022-05-09T09:50:58 IST">
          <reporter-output>
          </reporter-output>
        </test-method> <!-- teardown -->
        <test-method status="PASS" signature="setup()[pri:0, instance:orangehrm.qa.testScripts.loginPageTest@1877ab81]" name="setup" is-config="true" duration-ms="6455" started-at="2022-05-09T09:50:58 IST" finished-at="2022-05-09T09:51:04 IST">
          <reporter-output>
          </reporter-output>
        </test-method> <!-- setup -->
        <test-method status="FAIL" signature="checkTitle()[pri:0, instance:orangehrm.qa.testScripts.loginPageTest@1877ab81]" name="checkTitle" duration-ms="9" started-at="2022-05-09T09:51:04 IST" finished-at="2022-05-09T09:51:04 IST">
          <exception class="java.lang.AssertionError">
            <message>
              <![CDATA[The following asserts failed:
expected [OrangeHRm] but found [OrangeHRM]]]>
            </message>
            <full-stacktrace>
              <![CDATA[java.lang.AssertionError: The following asserts failed:
expected [OrangeHRm] but found [OrangeHRM]
at org.testng.asserts.SoftAssert.assertAll(SoftAssert.java:46)
at org.testng.asserts.SoftAssert.assertAll(SoftAssert.java:30)
at orangehrm.qa.pages.loginPage.Title(loginPage.java:55)
at orangehrm.qa.testScripts.loginPageTest.checkTitle(loginPageTest.java:20)
at sun.reflect.NativeMethodAccessorImpl.invoke0(Native Method)
at sun.reflect.NativeMethodAccessorImpl.invoke(NativeMethodAccessorImpl.java:62)
at sun.reflect.DelegatingMethodAccessorImpl.invoke(DelegatingMethodAccessorImpl.java:43)
at java.lang.reflect.Method.invoke(Method.java:498)
at org.testng.internal.invokers.MethodInvocationHelper.invokeMethod(MethodInvocationHelper.java:135)
at org.testng.internal.invokers.TestInvoker.invokeMethod(TestInvoker.java:673)
at org.testng.internal.invokers.TestInvoker.invokeTestMethod(TestInvoker.java:220)
at org.testng.internal.invokers.MethodRunner.runInSequence(MethodRunner.java:50)
at org.testng.internal.invokers.TestInvoker$MethodInvocationAgent.invoke(TestInvoker.java:945)
at org.testng.internal.invokers.TestInvoker.invokeTestMethods(TestInvoker.java:193)
at org.testng.internal.invokers.TestMethodWorker.invokeTestMethods(TestMethodWorker.java:146)
at org.testng.internal.invokers.TestMethodWorker.run(TestMethodWorker.java:128)
at java.util.ArrayList.forEach(ArrayList.java:1257)
at org.testng.TestRunner.privateRun(TestRunner.java:808)
at org.testng.TestRunner.run(TestRunner.java:603)
at org.testng.SuiteRunner.runTest(SuiteRunner.java:429)
at org.testng.SuiteRunner.runSequentially(SuiteRunner.java:423)
at org.testng.SuiteRunner.privateRun(SuiteRunner.java:383)
at org.testng.SuiteRunner.run(SuiteRunner.java:326)
at org.testng.SuiteRunnerWorker.runSuite(SuiteRunnerWorker.java:52)
at org.testng.SuiteRunnerWorker.run(SuiteRunnerWorker.java:95)
at org.testng.TestNG.runSuitesSequentially(TestNG.java:1249)
at org.testng.TestNG.runSuitesLocally(TestNG.java:1169)
at org.testng.TestNG.runSuites(TestNG.java:1092)
at org.testng.TestNG.run(TestNG.java:1060)
at org.apache.maven.surefire.testng.TestNGExecutor.run(TestNGExecutor.java:132)
at org.apache.maven.surefire.testng.TestNGDirectoryTestSuite.executeMulti(TestNGDirectoryTestSuite.java:193)
at org.apache.maven.surefire.testng.TestNGDirectoryTestSuite.execute(TestNGDirectoryTestSuite.java:94)
at org.apache.maven.surefire.testng.TestNGProvider.invoke(TestNGProvider.java:147)
at org.apache.maven.surefire.booter.ForkedBooter.invokeProviderInSameClassLoader(ForkedBooter.java:290)
at org.apache.maven.surefire.booter.ForkedBooter.runSuitesInProcess(ForkedBooter.java:242)
at org.apache.maven.surefire.booter.ForkedBooter.main(ForkedBooter.java:121)
]]>
            </full-stacktrace>
          </exception> <!-- java.lang.AssertionError -->
          <reporter-output>
          </reporter-output>
        </test-method> <!-- checkTitle -->
        <test-method status="PASS" signature="teardown()[pri:0, instance:orangehrm.qa.testScripts.loginPageTest@1877ab81]" name="teardown" is-config="true" duration-ms="801" started-at="2022-05-09T09:51:04 IST" finished-at="2022-05-09T09:51:05 IST">
          <reporter-output>
          </reporter-output>
        </test-method> <!-- teardown -->
        <test-method status="PASS" signature="setup()[pri:0, instance:orangehrm.qa.testScripts.loginPageTest@1877ab81]" name="setup" is-config="true" duration-ms="6717" started-at="2022-05-09T09:51:05 IST" finished-at="2022-05-09T09:51:11 IST">
          <reporter-output>
          </reporter-output>
        </test-method> <!-- setup -->
        <test-method status="PASS" signature="checkURL()[pri:0, instance:orangehrm.qa.testScripts.loginPageTest@1877ab81]" name="checkURL" duration-ms="5" started-at="2022-05-09T09:51:11 IST" finished-at="2022-05-09T09:51:12 IST">
          <reporter-output>
          </reporter-output>
        </test-method> <!-- checkURL -->
        <test-method status="PASS" signature="teardown()[pri:0, instance:orangehrm.qa.testScripts.loginPageTest@1877ab81]" name="teardown" is-config="true" duration-ms="908" started-at="2022-05-09T09:51:12 IST" finished-at="2022-05-09T09:51:12 IST">
          <reporter-output>
          </reporter-output>
        </test-method> <!-- teardown -->
      </class> <!-- orangehrm.qa.testScripts.loginPageTest -->
      <class name="orangehrm.qa.testScripts.dashBoardTest">
        <test-method status="PASS" signature="setup()[pri:0, instance:orangehrm.qa.testScripts.dashBoardTest@4232c52b]" name="setup" is-config="true" duration-ms="7138" started-at="2022-05-09T09:49:52 IST" finished-at="2022-05-09T09:49:59 IST">
          <reporter-output>
          </reporter-output>
        </test-method> <!-- setup -->
        <test-method status="PASS" signature="checkAssignLeaveLogo()[pri:0, instance:orangehrm.qa.testScripts.dashBoardTest@4232c52b]" name="checkAssignLeaveLogo" duration-ms="25882" started-at="2022-05-09T09:49:59 IST" finished-at="2022-05-09T09:50:25 IST">
          <reporter-output>
          </reporter-output>
        </test-method> <!-- checkAssignLeaveLogo -->
        <test-method status="PASS" signature="teardown()[pri:0, instance:orangehrm.qa.testScripts.dashBoardTest@4232c52b]" name="teardown" is-config="true" duration-ms="917" started-at="2022-05-09T09:50:25 IST" finished-at="2022-05-09T09:50:26 IST">
          <reporter-output>
          </reporter-output>
        </test-method> <!-- teardown -->
        <test-method status="PASS" signature="setup()[pri:0, instance:orangehrm.qa.testScripts.dashBoardTest@4232c52b]" name="setup" is-config="true" duration-ms="6476" started-at="2022-05-09T09:50:26 IST" finished-at="2022-05-09T09:50:32 IST">
          <reporter-output>
          </reporter-output>
        </test-method> <!-- setup -->
        <test-method status="PASS" signature="leaveListLogo()[pri:0, instance:orangehrm.qa.testScripts.dashBoardTest@4232c52b]" name="leaveListLogo" duration-ms="4735" started-at="2022-05-09T09:50:32 IST" finished-at="2022-05-09T09:50:37 IST">
          <reporter-output>
          </reporter-output>
        </test-method> <!-- leaveListLogo -->
        <test-method status="PASS" signature="teardown()[pri:0, instance:orangehrm.qa.testScripts.dashBoardTest@4232c52b]" name="teardown" is-config="true" duration-ms="884" started-at="2022-05-09T09:50:37 IST" finished-at="2022-05-09T09:50:38 IST">
          <reporter-output>
          </reporter-output>
        </test-method> <!-- teardown -->
      </class> <!-- orangehrm.qa.testScripts.dashBoardTest -->
    </test> <!-- Surefire test -->
  </suite> <!-- Surefire suite -->
</testng-results>
