<?xml version="1.0" encoding="UTF-8"?>
<testsuite xmlns:xsi="http://www.w3.org/2001/XMLSchema-instance" xsi:schemaLocation="https://maven.apache.org/surefire/maven-surefire-plugin/xsd/surefire-test-report.xsd" name="TestSuite" time="146.367" tests="7" errors="0" skipped="0" failures="1">
  <properties>
[...]
</properties>
  <testcase name="CheckAssignLeave" classname="orangehrm.qa.testScripts.AssignLeaveTest" time="13.6"/>
  <testcase name="checkAssignLeaveLogo" classname="orangehrm.qa.testScripts.dashBoardTest" time="8.948"/>
  <testcase name="leaveListLogo" classname="orangehrm.qa.testScripts.dashBoardTest" time="8.937"/>
  <testcase name="checkLogin" classname="orangehrm.qa.testScripts.loginPageTest" time="7.741"/>
  <testcase name="checkLogo" classname="orangehrm.qa.testScripts.loginPageTest" time="0.102"/>
  <testcase name="checkTitle" classname="orangehrm.qa.testScripts.loginPageTest" time="0.055">
    <failure message="The following asserts failed:&#10;	expected [OrangeHRm] but found [OrangeHRM]" type="java.lang.AssertionError">java.lang.AssertionError: 
The following asserts failed:
	expected [OrangeHRm] but found [OrangeHRM]
	at orangehrm.qa.testScripts.loginPageTest.checkTitle(loginPageTest.java:20)
</failure>
    <system-err><![CDATA[Starting ChromeDriver 100.0.4896.60 (6a5d10861ce8de5fce22564658033b43cb7de047-refs/branch-heads/4896@{#875}) on port 49970
Only local connections are allowed.
Please see https://chromedriver.chromium.org/security-considerations for suggestions on keeping ChromeDriver safe.
ChromeDriver was started successfully.
[1652269120.569][WARNING]: This version of ChromeDriver has not been tested with Chrome version 101.
May 11, 2022 5:08:43 PM org.openqa.selenium.remote.ProtocolHandshake createSession
INFO: Detected dialect: W3C
May 11, 2022 5:08:43 PM org.openqa.selenium.devtools.CdpVersionFinder findNearestMatch
WARNING: Unable to find an exact match for CDP version 101, so returning the closest version found: 99
May 11, 2022 5:08:43 PM org.openqa.selenium.devtools.CdpVersionFinder findNearestMatch
INFO: Found CDP implementation for version 101 of 99
]]></system-err>
  </testcase>
  <testcase name="checkURL" classname="orangehrm.qa.testScripts.loginPageTest" time="0.015"/>
</testsuite>