<?xml version="1.0" encoding="UTF-8"?>
<testng-results skipped="0" failed="0" ignored="0" total="1" passed="1">
  <reporter-output>
  </reporter-output>
  <suite name="Default suite" duration-ms="24329" started-at="2022-05-12T16:39:51 IST" finished-at="2022-05-12T16:40:16 IST">
    <groups>
    </groups>
    <test name="Default test" duration-ms="24329" started-at="2022-05-12T16:39:51 IST" finished-at="2022-05-12T16:40:16 IST">
      <class name="orangehrm.qa.testScripts.RecruitmentPageTest">
        <test-method status="PASS" signature="setup()[pri:0, instance:orangehrm.qa.testScripts.RecruitmentPageTest@4a87761d]" name="setup" is-config="true" duration-ms="14249" started-at="2022-05-12T16:39:51 IST" finished-at="2022-05-12T16:40:06 IST">
          <reporter-output>
          </reporter-output>
        </test-method> <!-- setup -->
        <test-method status="PASS" signature="checkRecruitmentTable()[pri:0, instance:orangehrm.qa.testScripts.RecruitmentPageTest@4a87761d]" name="checkRecruitmentTable" duration-ms="9000" started-at="2022-05-12T16:40:06 IST" finished-at="2022-05-12T16:40:15 IST">
          <reporter-output>
          </reporter-output>
        </test-method> <!-- checkRecruitmentTable -->
        <test-method status="PASS" signature="teardown()[pri:0, instance:orangehrm.qa.testScripts.RecruitmentPageTest@4a87761d]" name="teardown" is-config="true" duration-ms="1035" started-at="2022-05-12T16:40:15 IST" finished-at="2022-05-12T16:40:16 IST">
          <reporter-output>
          </reporter-output>
        </test-method> <!-- teardown -->
      </class> <!-- orangehrm.qa.testScripts.RecruitmentPageTest -->
    </test> <!-- Default test -->
  </suite> <!-- Default suite -->
</testng-results>
