<?xml version="1.0" encoding="UTF-8"?>
<testng-results skipped="0" failed="0" ignored="0" total="1" passed="1">
  <reporter-output>
  </reporter-output>
  <suite name="Default suite" duration-ms="31410" started-at="2022-05-11T12:33:25 IST" finished-at="2022-05-11T12:33:57 IST">
    <groups>
    </groups>
    <test name="Default test" duration-ms="31410" started-at="2022-05-11T12:33:25 IST" finished-at="2022-05-11T12:33:57 IST">
      <class name="orangehrm.qa.testScripts.AssignLeaveTest">
        <test-method status="PASS" signature="setup()[pri:0, instance:orangehrm.qa.testScripts.AssignLeaveTest@4a87761d]" name="setup" is-config="true" duration-ms="20089" started-at="2022-05-11T12:33:25 IST" finished-at="2022-05-11T12:33:45 IST">
          <reporter-output>
          </reporter-output>
        </test-method> <!-- setup -->
        <test-method status="PASS" signature="CheckAssignLeave()[pri:0, instance:orangehrm.qa.testScripts.AssignLeaveTest@4a87761d]" name="CheckAssignLeave" duration-ms="10166" started-at="2022-05-11T12:33:45 IST" finished-at="2022-05-11T12:33:55 IST">
          <reporter-output>
          </reporter-output>
        </test-method> <!-- CheckAssignLeave -->
        <test-method status="PASS" signature="teardown()[pri:0, instance:orangehrm.qa.testScripts.AssignLeaveTest@4a87761d]" name="teardown" is-config="true" duration-ms="1124" started-at="2022-05-11T12:33:55 IST" finished-at="2022-05-11T12:33:57 IST">
          <reporter-output>
          </reporter-output>
        </test-method> <!-- teardown -->
      </class> <!-- orangehrm.qa.testScripts.AssignLeaveTest -->
    </test> <!-- Default test -->
  </suite> <!-- Default suite -->
</testng-results>
